2024-12-26 07:47:45,237 - INFO - H:\UGS_Flux\Data_Downloads\Dugout_Ranch
2024-12-26 07:47:45,238 - INFO - H:\UGS_Flux\Data_Downloads\Dugout_Ranch\Dugout Ranch_Flux_AmeriFluxFormat.dat
2024-12-26 07:47:45,259 - INFO - H:\UGS_Flux\Data_Downloads\Dugout_Ranch\e20230719\21314_Flux_AmeriFluxFormat_0.dat
2024-12-26 07:47:45,265 - INFO - H:\UGS_Flux\Data_Downloads\Dugout_Ranch\e20230719\21314_Flux_AmeriFluxFormat_1.dat
2024-12-26 07:47:45,270 - INFO - H:\UGS_Flux\Data_Downloads\Dugout_Ranch\e20230719\21314_Flux_AmeriFluxFormat_2.dat
2024-12-26 07:47:45,278 - INFO - H:\UGS_Flux\Data_Downloads\Dugout_Ranch\e20230723\21314_Flux_AmeriFluxFormat_0.dat
2024-12-26 07:47:45,288 - INFO - H:\UGS_Flux\Data_Downloads\Dugout_Ranch\e20240415\21314_Flux_AmeriFluxFormat_10.dat
2024-12-26 07:47:45,305 - INFO - H:\UGS_Flux\Data_Downloads\Dugout_Ranch\e20240415\21314_Flux_AmeriFluxFormat_4.dat
2024-12-26 07:47:45,325 - INFO - H:\UGS_Flux\Data_Downloads\Dugout_Ranch\e20240415\21314_Flux_AmeriFluxFormat_5.dat
2024-12-26 07:47:45,330 - INFO - H:\UGS_Flux\Data_Downloads\Dugout_Ranch\e20240415\21314_Flux_AmeriFluxFormat_6.dat
2024-12-26 07:47:45,346 - INFO - H:\UGS_Flux\Data_Downloads\Dugout_Ranch\e20240415\21314_Flux_AmeriFluxFormat_7.dat
2024-12-26 07:47:45,364 - INFO - H:\UGS_Flux\Data_Downloads\Dugout_Ranch\e20240415\21314_Flux_AmeriFluxFormat_8.dat
2024-12-26 07:47:45,380 - INFO - H:\UGS_Flux\Data_Downloads\Dugout_Ranch\e20240415\21314_Flux_AmeriFluxFormat_9.dat
2024-12-26 07:47:45,398 - INFO - H:\UGS_Flux\Data_Downloads\Dugout_Ranch\e20240415\21314_Flux_AmeriFluxFormat_3.dat
2024-12-26 07:47:45,408 - INFO - H:\UGS_Flux\Data_Downloads\Dugout_Ranch\e20240626\21314_Flux_AmeriFluxFormat_12.dat
2024-12-26 07:47:45,421 - INFO - H:\UGS_Flux\Data_Downloads\Dugout_Ranch\e20240822\21314_Flux_AmeriFluxFormat_12.dat
2024-12-26 07:47:45,430 - INFO - H:\UGS_Flux\Data_Downloads\Dugout_Ranch\e20240822\21314_Flux_AmeriFluxFormat_13.dat
2024-12-26 07:47:45,446 - INFO - H:\UGS_Flux\Data_Downloads\Dugout_Ranch\e20240822\21314_Flux_AmeriFluxFormat_14.dat
2024-12-26 07:47:45,463 - INFO - H:\UGS_Flux\Data_Downloads\Dugout_Ranch\e20240604\21314_Flux_AmeriFluxFormat_10.dat
2024-12-26 07:47:45,479 - INFO - H:\UGS_Flux\Data_Downloads\Dugout_Ranch\e20240604\21314_Flux_AmeriFluxFormat_11.dat
2024-12-26 07:47:45,494 - INFO - H:\UGS_Flux\Data_Downloads\Dugout_Ranch\e20240604\21314_Flux_AmeriFluxFormat_12.dat
2024-12-26 07:47:45,500 - INFO - H:\UGS_Flux\Data_Downloads\Dugout_Ranch\e20241009\21314_Flux_AmeriFluxFormat_14.dat
2024-12-26 07:47:45,509 - INFO - H:\UGS_Flux\Data_Downloads\Dugout_Ranch\e20241009\21314_Flux_AmeriFluxFormat_15.dat
2024-12-26 07:47:45,523 - INFO - H:\UGS_Flux\Data_Downloads\Dugout_Ranch\e20241009\21314_Flux_AmeriFluxFormat_16.dat
2024-12-26 07:47:45,537 - INFO - H:\UGS_Flux\Data_Downloads\Dugout_Ranch\e20240415\formatIssues\21314_Flux_AmeriFluxFormat_3.dat
2024-12-26 07:47:45,584 - INFO - Starting Processing
2024-12-26 07:47:45,584 - INFO - Reading first line of file: ..\data\extreme_values.csv
2024-12-26 07:47:47,175 - INFO - SSITC Values: [2 1 0]
2024-12-26 07:47:47,243 - INFO - Null Value Count in ET: 11563
2024-12-26 07:47:47,243 - INFO - Length of ET: 24141
2024-12-26 07:47:48,167 - INFO - H:\UGS_Flux\Data_Downloads\BSF
2024-12-26 07:47:48,176 - INFO - H:\UGS_Flux\Data_Downloads\BSF\27736_Flux_AmeriFluxFormat_0.dat
2024-12-26 07:47:48,180 - INFO - H:\UGS_Flux\Data_Downloads\BSF\27736_Flux_AmeriFluxFormat_1.dat
2024-12-26 07:47:48,184 - INFO - H:\UGS_Flux\Data_Downloads\BSF\27736_Flux_AmeriFluxFormat_10.dat
2024-12-26 07:47:48,188 - INFO - H:\UGS_Flux\Data_Downloads\BSF\27736_Flux_AmeriFluxFormat_11.dat
2024-12-26 07:47:48,192 - INFO - H:\UGS_Flux\Data_Downloads\BSF\27736_Flux_AmeriFluxFormat_12.dat
2024-12-26 07:47:48,197 - INFO - H:\UGS_Flux\Data_Downloads\BSF\27736_Flux_AmeriFluxFormat_13.dat
2024-12-26 07:47:48,203 - INFO - H:\UGS_Flux\Data_Downloads\BSF\27736_Flux_AmeriFluxFormat_14.dat
2024-12-26 07:47:48,208 - INFO - H:\UGS_Flux\Data_Downloads\BSF\27736_Flux_AmeriFluxFormat_15.dat
2024-12-26 07:47:48,211 - INFO - H:\UGS_Flux\Data_Downloads\BSF\27736_Flux_AmeriFluxFormat_16.dat
2024-12-26 07:47:48,215 - INFO - H:\UGS_Flux\Data_Downloads\BSF\27736_Flux_AmeriFluxFormat_17.dat
2024-12-26 07:47:48,219 - INFO - H:\UGS_Flux\Data_Downloads\BSF\27736_Flux_AmeriFluxFormat_18.dat
2024-12-26 07:47:48,223 - INFO - H:\UGS_Flux\Data_Downloads\BSF\27736_Flux_AmeriFluxFormat_19.dat
2024-12-26 07:47:48,227 - INFO - H:\UGS_Flux\Data_Downloads\BSF\27736_Flux_AmeriFluxFormat_2.dat
2024-12-26 07:47:48,231 - INFO - H:\UGS_Flux\Data_Downloads\BSF\27736_Flux_AmeriFluxFormat_20.dat
2024-12-26 07:47:48,242 - INFO - H:\UGS_Flux\Data_Downloads\BSF\27736_Flux_AmeriFluxFormat_21.dat
2024-12-26 07:47:48,256 - INFO - H:\UGS_Flux\Data_Downloads\BSF\27736_Flux_AmeriFluxFormat_22.dat
2024-12-26 07:47:48,271 - INFO - H:\UGS_Flux\Data_Downloads\BSF\27736_Flux_AmeriFluxFormat_23.dat
2024-12-26 07:47:48,282 - INFO - H:\UGS_Flux\Data_Downloads\BSF\27736_Flux_AmeriFluxFormat_24.dat
2024-12-26 07:47:48,286 - INFO - H:\UGS_Flux\Data_Downloads\BSF\27736_Flux_AmeriFluxFormat_25.dat
2024-12-26 07:47:48,295 - INFO - H:\UGS_Flux\Data_Downloads\BSF\27736_Flux_AmeriFluxFormat_26.dat
2024-12-26 07:47:48,309 - INFO - H:\UGS_Flux\Data_Downloads\BSF\27736_Flux_AmeriFluxFormat_27.dat
2024-12-26 07:47:48,313 - INFO - H:\UGS_Flux\Data_Downloads\BSF\27736_Flux_AmeriFluxFormat_28.dat
2024-12-26 07:47:48,327 - INFO - H:\UGS_Flux\Data_Downloads\BSF\27736_Flux_AmeriFluxFormat_29.dat
2024-12-26 07:47:48,338 - INFO - H:\UGS_Flux\Data_Downloads\BSF\27736_Flux_AmeriFluxFormat_3.dat
2024-12-26 07:47:48,343 - INFO - H:\UGS_Flux\Data_Downloads\BSF\27736_Flux_AmeriFluxFormat_4.dat
2024-12-26 07:47:48,355 - INFO - H:\UGS_Flux\Data_Downloads\BSF\27736_Flux_AmeriFluxFormat_5.dat
2024-12-26 07:47:48,367 - INFO - H:\UGS_Flux\Data_Downloads\BSF\27736_Flux_AmeriFluxFormat_6.dat
2024-12-26 07:47:48,371 - INFO - H:\UGS_Flux\Data_Downloads\BSF\27736_Flux_AmeriFluxFormat_7.dat
2024-12-26 07:47:48,376 - INFO - H:\UGS_Flux\Data_Downloads\BSF\27736_Flux_AmeriFluxFormat_8.dat
2024-12-26 07:47:48,389 - INFO - H:\UGS_Flux\Data_Downloads\BSF\27736_Flux_AmeriFluxFormat_9.dat
2024-12-26 07:47:48,410 - INFO - H:\UGS_Flux\Data_Downloads\BSF\BFLAT_Flux_AmeriFluxFormat.dat
2024-12-26 07:47:48,432 - INFO - H:\UGS_Flux\Data_Downloads\BSF\BFLAT\27736_Flux_AmeriFluxFormat_25.dat
2024-12-26 07:47:48,439 - INFO - H:\UGS_Flux\Data_Downloads\BSF\BFLAT\27736_Flux_AmeriFluxFormat_26.dat
2024-12-26 07:47:48,454 - INFO - H:\UGS_Flux\Data_Downloads\BSF\BFLAT\27736_Flux_AmeriFluxFormat_27.dat
2024-12-26 07:47:48,458 - INFO - H:\UGS_Flux\Data_Downloads\BSF\BFLAT\27736_Flux_AmeriFluxFormat_28.dat
2024-12-26 07:47:48,472 - INFO - H:\UGS_Flux\Data_Downloads\BSF\BFLAT\27736_Flux_AmeriFluxFormat_29.dat
2024-12-26 07:47:48,490 - INFO - H:\UGS_Flux\Data_Downloads\BSF\BFLAT_20220509\27736_Flux_AmeriFluxFormat_10.dat
2024-12-26 07:47:48,495 - INFO - H:\UGS_Flux\Data_Downloads\BSF\BFLAT_20220509\27736_Flux_AmeriFluxFormat_11.dat
2024-12-26 07:47:48,499 - INFO - H:\UGS_Flux\Data_Downloads\BSF\BFLAT_20220509\27736_Flux_AmeriFluxFormat_12.dat
2024-12-26 07:47:48,505 - INFO - H:\UGS_Flux\Data_Downloads\BSF\BFLAT_20220509\27736_Flux_AmeriFluxFormat_13.dat
2024-12-26 07:47:48,513 - INFO - H:\UGS_Flux\Data_Downloads\BSF\BFLAT_20220509\27736_Flux_AmeriFluxFormat_14.dat
2024-12-26 07:47:48,519 - INFO - H:\UGS_Flux\Data_Downloads\BSF\BFLAT_20220509\27736_Flux_AmeriFluxFormat_15.dat
2024-12-26 07:47:48,523 - INFO - H:\UGS_Flux\Data_Downloads\BSF\BFLAT_20220509\27736_Flux_AmeriFluxFormat_16.dat
2024-12-26 07:47:48,526 - INFO - H:\UGS_Flux\Data_Downloads\BSF\BFLAT_20220509\27736_Flux_AmeriFluxFormat_17.dat
2024-12-26 07:47:48,530 - INFO - H:\UGS_Flux\Data_Downloads\BSF\BFLAT_20220509\27736_Flux_AmeriFluxFormat_18.dat
2024-12-26 07:47:48,534 - INFO - H:\UGS_Flux\Data_Downloads\BSF\BFLAT_20220509\27736_Flux_AmeriFluxFormat_19.dat
2024-12-26 07:47:48,538 - INFO - H:\UGS_Flux\Data_Downloads\BSF\BFLAT_20220509\27736_Flux_AmeriFluxFormat_20.dat
2024-12-26 07:47:48,550 - INFO - H:\UGS_Flux\Data_Downloads\BSF\BFLAT_20220509\27736_Flux_AmeriFluxFormat_21.dat
2024-12-26 07:47:48,565 - INFO - H:\UGS_Flux\Data_Downloads\BSF\BFLAT_20220509\27736_Flux_AmeriFluxFormat_22.dat
2024-12-26 07:47:48,580 - INFO - H:\UGS_Flux\Data_Downloads\BSF\BFLAT_20220509\27736_Flux_AmeriFluxFormat_23.dat
2024-12-26 07:47:48,592 - INFO - H:\UGS_Flux\Data_Downloads\BSF\BFLAT_20220509\27736_Flux_AmeriFluxFormat_24.dat
2024-12-26 07:47:48,596 - INFO - H:\UGS_Flux\Data_Downloads\BSF\BFLAT_20220509\27736_Flux_AmeriFluxFormat_25.dat
2024-12-26 07:47:48,606 - INFO - H:\UGS_Flux\Data_Downloads\BSF\BFLAT_20220509\27736_Flux_AmeriFluxFormat_3.dat
2024-12-26 07:47:48,611 - INFO - H:\UGS_Flux\Data_Downloads\BSF\BFLAT_20220509\27736_Flux_AmeriFluxFormat_4.dat
2024-12-26 07:47:48,623 - INFO - H:\UGS_Flux\Data_Downloads\BSF\BFLAT_20220509\27736_Flux_AmeriFluxFormat_5.dat
2024-12-26 07:47:48,637 - INFO - H:\UGS_Flux\Data_Downloads\BSF\BFLAT_20220509\27736_Flux_AmeriFluxFormat_6.dat
2024-12-26 07:47:48,641 - INFO - H:\UGS_Flux\Data_Downloads\BSF\BFLAT_20220509\27736_Flux_AmeriFluxFormat_7.dat
2024-12-26 07:47:48,646 - INFO - H:\UGS_Flux\Data_Downloads\BSF\BFLAT_20220509\27736_Flux_AmeriFluxFormat_8.dat
2024-12-26 07:47:48,658 - INFO - H:\UGS_Flux\Data_Downloads\BSF\BFLAT_20220509\27736_Flux_AmeriFluxFormat_9.dat
2024-12-26 07:47:48,683 - INFO - H:\UGS_Flux\Data_Downloads\BSF\BFLAT_20220913\27736_Flux_AmeriFluxFormat_25.dat
2024-12-26 07:47:48,692 - INFO - H:\UGS_Flux\Data_Downloads\BSF\BFLAT_20220913\27736_Flux_AmeriFluxFormat_26.dat
2024-12-26 07:47:48,708 - INFO - H:\UGS_Flux\Data_Downloads\BSF\BFLAT_20220913\27736_Flux_AmeriFluxFormat_27.dat
2024-12-26 07:47:48,713 - INFO - H:\UGS_Flux\Data_Downloads\BSF\BFLAT_20220913\27736_Flux_AmeriFluxFormat_28.dat
2024-12-26 07:47:48,729 - INFO - H:\UGS_Flux\Data_Downloads\BSF\BFLAT_20220913\27736_Flux_AmeriFluxFormat_29.dat
2024-12-26 07:47:48,747 - INFO - H:\UGS_Flux\Data_Downloads\BSF\BFLAT_20220913\27736_Flux_AmeriFluxFormat_30.dat
2024-12-26 07:47:48,764 - INFO - H:\UGS_Flux\Data_Downloads\BSF\BFLAT_20220913\27736_Flux_AmeriFluxFormat_31.dat
2024-12-26 07:47:48,772 - INFO - H:\UGS_Flux\Data_Downloads\BSF\BFLAT_20221018\27736_Flux_AmeriFluxFormat_31.dat
2024-12-26 07:47:48,789 - INFO - H:\UGS_Flux\Data_Downloads\BSF\BFLAT_20221018\27736_Flux_AmeriFluxFormat_32.dat
2024-12-26 07:47:48,806 - INFO - H:\UGS_Flux\Data_Downloads\BSF\BFLAT_20230517\27736_Flux_AmeriFluxFormat_0.dat
2024-12-26 07:47:48,820 - INFO - H:\UGS_Flux\Data_Downloads\BSF\BFLAT_20230517\27736_Flux_AmeriFluxFormat_1.dat
2024-12-26 07:47:48,836 - INFO - H:\UGS_Flux\Data_Downloads\BSF\BFLAT_20230517\27736_Flux_AmeriFluxFormat_10.dat
2024-12-26 07:47:48,842 - INFO - H:\UGS_Flux\Data_Downloads\BSF\BFLAT_20230517\27736_Flux_AmeriFluxFormat_11.dat
2024-12-26 07:47:48,847 - INFO - H:\UGS_Flux\Data_Downloads\BSF\BFLAT_20230517\27736_Flux_AmeriFluxFormat_12.dat
2024-12-26 07:47:48,863 - INFO - H:\UGS_Flux\Data_Downloads\BSF\BFLAT_20230517\27736_Flux_AmeriFluxFormat_13.dat
2024-12-26 07:47:48,877 - INFO - H:\UGS_Flux\Data_Downloads\BSF\BFLAT_20230517\27736_Flux_AmeriFluxFormat_14.dat
2024-12-26 07:47:48,891 - INFO - H:\UGS_Flux\Data_Downloads\BSF\BFLAT_20230517\27736_Flux_AmeriFluxFormat_15.dat
2024-12-26 07:47:48,898 - INFO - H:\UGS_Flux\Data_Downloads\BSF\BFLAT_20230517\27736_Flux_AmeriFluxFormat_16.dat
2024-12-26 07:47:48,909 - INFO - H:\UGS_Flux\Data_Downloads\BSF\BFLAT_20230517\27736_Flux_AmeriFluxFormat_17.dat
2024-12-26 07:47:48,919 - INFO - H:\UGS_Flux\Data_Downloads\BSF\BFLAT_20230517\27736_Flux_AmeriFluxFormat_18.dat
2024-12-26 07:47:48,929 - INFO - H:\UGS_Flux\Data_Downloads\BSF\BFLAT_20230517\27736_Flux_AmeriFluxFormat_2.dat
2024-12-26 07:47:48,932 - INFO - H:\UGS_Flux\Data_Downloads\BSF\BFLAT_20230517\27736_Flux_AmeriFluxFormat_3.dat
2024-12-26 07:47:48,936 - INFO - H:\UGS_Flux\Data_Downloads\BSF\BFLAT_20230517\27736_Flux_AmeriFluxFormat_4.dat
2024-12-26 07:47:48,951 - INFO - H:\UGS_Flux\Data_Downloads\BSF\BFLAT_20230517\27736_Flux_AmeriFluxFormat_5.dat
2024-12-26 07:47:48,955 - INFO - H:\UGS_Flux\Data_Downloads\BSF\BFLAT_20230517\27736_Flux_AmeriFluxFormat_6.dat
2024-12-26 07:47:48,958 - INFO - H:\UGS_Flux\Data_Downloads\BSF\BFLAT_20230517\27736_Flux_AmeriFluxFormat_7.dat
2024-12-26 07:47:48,962 - INFO - H:\UGS_Flux\Data_Downloads\BSF\BFLAT_20230517\27736_Flux_AmeriFluxFormat_8.dat
2024-12-26 07:47:48,966 - INFO - H:\UGS_Flux\Data_Downloads\BSF\BFLAT_20230517\27736_Flux_AmeriFluxFormat_9.dat
2024-12-26 07:47:48,973 - INFO - H:\UGS_Flux\Data_Downloads\BSF\BFLAT_20230815\27736_Flux_AmeriFluxFormat_18.dat
2024-12-26 07:47:48,989 - INFO - H:\UGS_Flux\Data_Downloads\BSF\BFLAT_20230815\27736_Flux_AmeriFluxFormat_19.dat
2024-12-26 07:47:49,003 - INFO - H:\UGS_Flux\Data_Downloads\BSF\BFLAT_20230815\27736_Flux_AmeriFluxFormat_20.dat
2024-12-26 07:47:49,018 - INFO - H:\UGS_Flux\Data_Downloads\BSF\BFLAT_20230815\27736_Flux_AmeriFluxFormat_21.dat
2024-12-26 07:47:49,030 - INFO - H:\UGS_Flux\Data_Downloads\BSF\BFLAT_Soil_Moisture\27736_Flux_AmeriFluxFormat_23.dat
2024-12-26 07:47:49,041 - INFO - H:\UGS_Flux\Data_Downloads\BSF\BFLAT_Soil_Moisture\27736_Flux_AmeriFluxFormat_24.dat
2024-12-26 07:47:49,045 - INFO - H:\UGS_Flux\Data_Downloads\BSF\BFLAT_Soil_Moisture\27736_Flux_AmeriFluxFormat_25.dat
2024-12-26 07:47:49,051 - INFO - H:\UGS_Flux\Data_Downloads\BSF\p20211028\27736_Flux_AmeriFluxFormat_0.dat
2024-12-26 07:47:49,056 - INFO - H:\UGS_Flux\Data_Downloads\BSF\p20211028\27736_Flux_AmeriFluxFormat_1.dat
2024-12-26 07:47:49,060 - INFO - H:\UGS_Flux\Data_Downloads\BSF\p20211028\27736_Flux_AmeriFluxFormat_2.dat
2024-12-26 07:47:49,065 - INFO - H:\UGS_Flux\Data_Downloads\BSF\p20211028\27736_Flux_AmeriFluxFormat_3.dat
2024-12-26 07:47:49,070 - INFO - H:\UGS_Flux\Data_Downloads\BSF\p20211028\27736_Flux_AmeriFluxFormat_4.dat
2024-12-26 07:47:49,085 - INFO - H:\UGS_Flux\Data_Downloads\BSF\p20211028\27736_Flux_AmeriFluxFormat_5.dat
2024-12-26 07:47:49,111 - INFO - H:\UGS_Flux\Data_Downloads\BSF\d20231121\27736_Flux_AmeriFluxFormat_22.dat
2024-12-26 07:47:49,129 - INFO - H:\UGS_Flux\Data_Downloads\BSF\d20231121\27736_Flux_AmeriFluxFormat_23.dat
2024-12-26 07:47:49,134 - INFO - H:\UGS_Flux\Data_Downloads\BSF\d20231121\27736_Flux_AmeriFluxFormat_24.dat
2024-12-26 07:47:49,148 - INFO - H:\UGS_Flux\Data_Downloads\BSF\d20231121\27736_Flux_AmeriFluxFormat_25.dat
2024-12-26 07:47:49,178 - INFO - H:\UGS_Flux\Data_Downloads\BSF\d20240926\27736_Flux_AmeriFluxFormat_0.dat
2024-12-26 07:47:49,193 - INFO - H:\UGS_Flux\Data_Downloads\BSF\d20240926\27736_Flux_AmeriFluxFormat_1.dat
2024-12-26 07:47:49,207 - INFO - H:\UGS_Flux\Data_Downloads\BSF\d20240926\27736_Flux_AmeriFluxFormat_2.dat
2024-12-26 07:47:49,218 - INFO - H:\UGS_Flux\Data_Downloads\BSF\d20240926\27736_Flux_AmeriFluxFormat_3.dat
2024-12-26 07:47:49,222 - INFO - H:\UGS_Flux\Data_Downloads\BSF\d20240926\27736_Flux_AmeriFluxFormat_4.dat
2024-12-26 07:47:49,317 - INFO - Starting Processing
2024-12-26 07:47:49,317 - INFO - Reading first line of file: ..\data\extreme_values.csv
2024-12-26 07:47:52,359 - INFO - SSITC Values: [2 0 1]
2024-12-26 07:47:52,468 - INFO - Null Value Count in ET: 30676
2024-12-26 07:47:52,468 - INFO - Length of ET: 52801
2024-12-26 07:47:54,493 - INFO - H:\UGS_Flux\Data_Downloads\Bluff
2024-12-26 07:47:54,494 - INFO - H:\UGS_Flux\Data_Downloads\Bluff\e20240821\21020_Flux_AmeriFluxFormat_0.dat
2024-12-26 07:47:54,498 - INFO - H:\UGS_Flux\Data_Downloads\Bluff\e20240821\21020_Flux_AmeriFluxFormat_1.dat
2024-12-26 07:47:54,503 - INFO - H:\UGS_Flux\Data_Downloads\Bluff\e20240821\21020_Flux_AmeriFluxFormat_2.dat
2024-12-26 07:47:54,508 - INFO - H:\UGS_Flux\Data_Downloads\Bluff\e20240821\21020_Flux_AmeriFluxFormat_3.dat
2024-12-26 07:47:54,512 - INFO - H:\UGS_Flux\Data_Downloads\Bluff\e20240821\21020_Flux_AmeriFluxFormat_4.dat
2024-12-26 07:47:54,526 - INFO - H:\UGS_Flux\Data_Downloads\Bluff\e20240821\21020_Flux_AmeriFluxFormat_5.dat
2024-12-26 07:47:54,540 - INFO - H:\UGS_Flux\Data_Downloads\Bluff\e20240821\21020_Flux_AmeriFluxFormat_6.dat
2024-12-26 07:47:54,556 - INFO - H:\UGS_Flux\Data_Downloads\Bluff\eddy_20241008\21020_Flux_AmeriFluxFormat_0.dat
2024-12-26 07:47:54,560 - INFO - H:\UGS_Flux\Data_Downloads\Bluff\eddy_20241008\21020_Flux_AmeriFluxFormat_1.dat
2024-12-26 07:47:54,565 - INFO - H:\UGS_Flux\Data_Downloads\Bluff\eddy_20241008\21020_Flux_AmeriFluxFormat_2.dat
2024-12-26 07:47:54,570 - INFO - H:\UGS_Flux\Data_Downloads\Bluff\eddy_20241008\21020_Flux_AmeriFluxFormat_3.dat
2024-12-26 07:47:54,575 - INFO - H:\UGS_Flux\Data_Downloads\Bluff\eddy_20241008\21020_Flux_AmeriFluxFormat_4.dat
2024-12-26 07:47:54,587 - INFO - H:\UGS_Flux\Data_Downloads\Bluff\eddy_20241008\21020_Flux_AmeriFluxFormat_5.dat
2024-12-26 07:47:54,598 - INFO - H:\UGS_Flux\Data_Downloads\Bluff\eddy_20241008\21020_Flux_AmeriFluxFormat_6.dat
2024-12-26 07:47:54,614 - INFO - H:\UGS_Flux\Data_Downloads\Bluff\eddy_20241008\21020_Flux_AmeriFluxFormat_7.dat
2024-12-26 07:47:54,626 - INFO - H:\UGS_Flux\Data_Downloads\Bluff\eddy_20241008\21020_Flux_AmeriFluxFormat_8.dat
2024-12-26 07:47:54,638 - INFO - H:\UGS_Flux\Data_Downloads\Bluff\eddy_20241008\21020_Flux_AmeriFluxFormat_9.dat
2024-12-26 07:47:54,659 - INFO - Starting Processing
2024-12-26 07:47:54,659 - INFO - Reading first line of file: ..\data\extreme_values.csv
2024-12-26 07:47:55,519 - INFO - SSITC Values: [2 0 1]
2024-12-26 07:47:55,575 - INFO - Null Value Count in ET: 9533
2024-12-26 07:47:55,575 - INFO - Length of ET: 12600
2024-12-26 07:47:56,019 - INFO - H:\UGS_Flux\Data_Downloads\Wellington
2024-12-26 07:47:56,020 - INFO - H:\UGS_Flux\Data_Downloads\Wellington\Wellington_Flux_AmeriFluxFormat.dat
2024-12-26 07:47:56,126 - INFO - H:\UGS_Flux\Data_Downloads\Wellington\Wellington_Flux_AmeriFluxFormat (3).dat
2024-12-26 07:47:56,425 - INFO - H:\UGS_Flux\Data_Downloads\Wellington\Wellington_Flux_AmeriFluxFormat (2).dat
2024-12-26 07:47:56,532 - INFO - H:\UGS_Flux\Data_Downloads\Wellington\d20231113\21025_Flux_AmeriFluxFormat_7.dat
2024-12-26 07:47:56,538 - INFO - H:\UGS_Flux\Data_Downloads\Wellington\d20231113\21025_Flux_AmeriFluxFormat_8.dat
2024-12-26 07:47:56,549 - INFO - H:\UGS_Flux\Data_Downloads\Wellington\d20231113\21025_Flux_AmeriFluxFormat_9.dat
2024-12-26 07:47:56,559 - INFO - H:\UGS_Flux\Data_Downloads\Wellington\d20210527\CR1000XSeries_Flux_AmeriFluxFormat.dat
2024-12-26 07:47:56,566 - INFO - H:\UGS_Flux\Data_Downloads\Wellington\d20210806\23861_Flux_AmeriFluxFormat_9.dat
2024-12-26 07:47:56,579 - INFO - H:\UGS_Flux\Data_Downloads\Wellington\d20210806\23861_Flux_AmeriFluxFormat_10.dat
2024-12-26 07:47:56,593 - INFO - H:\UGS_Flux\Data_Downloads\Wellington\d20210913\23861_Flux_AmeriFluxFormat_10.dat
2024-12-26 07:47:56,598 - INFO - H:\UGS_Flux\Data_Downloads\Wellington\d20210913\23861_Flux_AmeriFluxFormat_11.dat
2024-12-26 07:47:56,608 - INFO - H:\UGS_Flux\Data_Downloads\Wellington\d20210913\23861_Flux_AmeriFluxFormat_12.dat
2024-12-26 07:47:56,623 - INFO - H:\UGS_Flux\Data_Downloads\Wellington\d20211007\23861_Flux_AmeriFluxFormat_12.dat
2024-12-26 07:47:56,629 - INFO - H:\UGS_Flux\Data_Downloads\Wellington\d20211007\23861_Flux_AmeriFluxFormat_13.dat
2024-12-26 07:47:56,642 - INFO - H:\UGS_Flux\Data_Downloads\Wellington\d20211230\23861_Flux_AmeriFluxFormat_13.dat
2024-12-26 07:47:56,652 - INFO - H:\UGS_Flux\Data_Downloads\Wellington\d20211230\23861_Flux_AmeriFluxFormat_14.dat
2024-12-26 07:47:56,667 - INFO - H:\UGS_Flux\Data_Downloads\Wellington\d20211230\23861_Flux_AmeriFluxFormat_15.dat
2024-12-26 07:47:56,684 - INFO - H:\UGS_Flux\Data_Downloads\Wellington\d20211230\23861_Flux_AmeriFluxFormat_16.dat
2024-12-26 07:47:56,699 - INFO - H:\UGS_Flux\Data_Downloads\Wellington\d20220215\23861_Flux_AmeriFluxFormat_16.dat
2024-12-26 07:47:56,718 - INFO - H:\UGS_Flux\Data_Downloads\Wellington\d20220215\23861_Flux_AmeriFluxFormat_17.dat
2024-12-26 07:47:56,733 - INFO - H:\UGS_Flux\Data_Downloads\Wellington\d20220215\23861_Flux_AmeriFluxFormat_18.dat
2024-12-26 07:47:56,739 - INFO - H:\UGS_Flux\Data_Downloads\Wellington\d20220323\23861_Flux_AmeriFluxFormat_16.dat
2024-12-26 07:47:56,756 - INFO - H:\UGS_Flux\Data_Downloads\Wellington\d20220323\23861_Flux_AmeriFluxFormat_17.dat
2024-12-26 07:47:56,772 - INFO - H:\UGS_Flux\Data_Downloads\Wellington\d20220323\23861_Flux_AmeriFluxFormat_18.dat
2024-12-26 07:47:56,788 - INFO - H:\UGS_Flux\Data_Downloads\Wellington\d20220323\23861_Flux_AmeriFluxFormat_19.dat
2024-12-26 07:47:56,800 - INFO - H:\UGS_Flux\Data_Downloads\Wellington\d20220421\23861_Flux_AmeriFluxFormat_19.dat
2024-12-26 07:47:56,817 - INFO - H:\UGS_Flux\Data_Downloads\Wellington\d20220421\23861_Flux_AmeriFluxFormat_20.dat
2024-12-26 07:47:56,828 - INFO - H:\UGS_Flux\Data_Downloads\Wellington\d20220518\23861_Flux_AmeriFluxFormat_19.dat
2024-12-26 07:47:56,848 - INFO - H:\UGS_Flux\Data_Downloads\Wellington\d20220518\23861_Flux_AmeriFluxFormat_20.dat
2024-12-26 07:47:56,863 - INFO - H:\UGS_Flux\Data_Downloads\Wellington\d20220518\23861_Flux_AmeriFluxFormat_21.dat
2024-12-26 07:47:56,870 - INFO - H:\UGS_Flux\Data_Downloads\Wellington\d20220805\23861_Flux_AmeriFluxFormat_22.dat
2024-12-26 07:47:56,892 - INFO - H:\UGS_Flux\Data_Downloads\Wellington\d20220805\23861_Flux_AmeriFluxFormat_24.dat
2024-12-26 07:47:56,907 - INFO - H:\UGS_Flux\Data_Downloads\Wellington\d20220805\23861_Flux_AmeriFluxFormat_23.dat
2024-12-26 07:47:56,933 - INFO - H:\UGS_Flux\Data_Downloads\Wellington\d20220920\23861_Flux_AmeriFluxFormat_24.dat
2024-12-26 07:47:56,951 - INFO - H:\UGS_Flux\Data_Downloads\Wellington\d20220920\23861_Flux_AmeriFluxFormat_25.dat
2024-12-26 07:47:56,964 - INFO - H:\UGS_Flux\Data_Downloads\Wellington\d20220920\23861_Flux_AmeriFluxFormat_26.dat
2024-12-26 07:47:56,991 - INFO - H:\UGS_Flux\Data_Downloads\Wellington\d20220920\23861_Flux_AmeriFluxFormat_27.dat
2024-12-26 07:47:57,017 - INFO - H:\UGS_Flux\Data_Downloads\Wellington\d20221017\23861_Flux_AmeriFluxFormat_27.dat
2024-12-26 07:47:57,046 - INFO - H:\UGS_Flux\Data_Downloads\Wellington\d20221017\23861_Flux_AmeriFluxFormat_28.dat
2024-12-26 07:47:57,066 - INFO - H:\UGS_Flux\Data_Downloads\Wellington\d20221115\23861_Flux_AmeriFluxFormat_28.dat
2024-12-26 07:47:57,092 - INFO - H:\UGS_Flux\Data_Downloads\Wellington\d20221115\23861_Flux_AmeriFluxFormat_29.dat
2024-12-26 07:47:57,109 - INFO - H:\UGS_Flux\Data_Downloads\Wellington\d20221207\23861_Flux_AmeriFluxFormat_29.dat
2024-12-26 07:47:57,135 - INFO - H:\UGS_Flux\Data_Downloads\Wellington\d20221207\23861_Flux_AmeriFluxFormat_30.dat
2024-12-26 07:47:57,160 - INFO - H:\UGS_Flux\Data_Downloads\Wellington\d20230208\23861_Flux_AmeriFluxFormat_30.dat
2024-12-26 07:47:57,173 - INFO - H:\UGS_Flux\Data_Downloads\Wellington\d20230208\23861_Flux_AmeriFluxFormat_31.dat
2024-12-26 07:47:57,198 - INFO - H:\UGS_Flux\Data_Downloads\Wellington\d20230208\23861_Flux_AmeriFluxFormat_32.dat
2024-12-26 07:47:57,226 - INFO - H:\UGS_Flux\Data_Downloads\Wellington\d20230208\23861_Flux_AmeriFluxFormat_33.dat
2024-12-26 07:47:57,240 - INFO - H:\UGS_Flux\Data_Downloads\Wellington\d20230405\23861_Flux_AmeriFluxFormat_33.dat
2024-12-26 07:47:57,262 - INFO - H:\UGS_Flux\Data_Downloads\Wellington\d20230405\23861_Flux_AmeriFluxFormat_34.dat
2024-12-26 07:47:57,284 - INFO - H:\UGS_Flux\Data_Downloads\Wellington\d20230405\23861_Flux_AmeriFluxFormat_35.dat
2024-12-26 07:47:57,309 - INFO - H:\UGS_Flux\Data_Downloads\Wellington\d20230426\23861_Flux_AmeriFluxFormat_35.dat
2024-12-26 07:47:57,321 - INFO - H:\UGS_Flux\Data_Downloads\Wellington\d20230426\23861_Flux_AmeriFluxFormat_36.dat
2024-12-26 07:47:57,334 - INFO - H:\UGS_Flux\Data_Downloads\Wellington\d20230426\23861_Flux_AmeriFluxFormat_37.dat
2024-12-26 07:47:57,361 - INFO - H:\UGS_Flux\Data_Downloads\Wellington\d20230605\23861_Flux_AmeriFluxFormat_35.dat
2024-12-26 07:47:57,373 - INFO - H:\UGS_Flux\Data_Downloads\Wellington\d20230605\23861_Flux_AmeriFluxFormat_36.dat
2024-12-26 07:47:57,386 - INFO - H:\UGS_Flux\Data_Downloads\Wellington\d20230605\23861_Flux_AmeriFluxFormat_37.dat
2024-12-26 07:47:57,411 - INFO - H:\UGS_Flux\Data_Downloads\Wellington\d20230605\23861_Flux_AmeriFluxFormat_38.dat
2024-12-26 07:47:57,440 - INFO - H:\UGS_Flux\Data_Downloads\Wellington\d20230605\23861_Flux_AmeriFluxFormat_39.dat
2024-12-26 07:47:57,472 - INFO - H:\UGS_Flux\Data_Downloads\Wellington\d20230718\23861_Flux_AmeriFluxFormat_39.dat
2024-12-26 07:47:57,485 - INFO - H:\UGS_Flux\Data_Downloads\Wellington\d20230718\23861_Flux_AmeriFluxFormat_40.dat
2024-12-26 07:47:57,497 - INFO - H:\UGS_Flux\Data_Downloads\Wellington\d20230718\23861_Flux_AmeriFluxFormat_41.dat
2024-12-26 07:47:57,529 - INFO - H:\UGS_Flux\Data_Downloads\Wellington\d20230718\23861_Flux_AmeriFluxFormat_42.dat
2024-12-26 07:47:57,554 - INFO - H:\UGS_Flux\Data_Downloads\Wellington\d20230831\23861_Flux_AmeriFluxFormat_9.dat
2024-12-26 07:47:57,604 - INFO - H:\UGS_Flux\Data_Downloads\Wellington\d20230831\23861_Flux_AmeriFluxFormat_10.dat
2024-12-26 07:47:57,628 - INFO - H:\UGS_Flux\Data_Downloads\Wellington\d20230831\21025_Flux_AmeriFluxFormat_0.dat
2024-12-26 07:47:57,639 - INFO - H:\UGS_Flux\Data_Downloads\Wellington\d20230831\21025_Flux_AmeriFluxFormat_1.dat
2024-12-26 07:47:57,651 - INFO - H:\UGS_Flux\Data_Downloads\Wellington\d20230831\21025_Flux_AmeriFluxFormat_2.dat
2024-12-26 07:47:57,676 - INFO - H:\UGS_Flux\Data_Downloads\Wellington\d20230919\21025_Flux_AmeriFluxFormat_2.dat
2024-12-26 07:47:57,701 - INFO - H:\UGS_Flux\Data_Downloads\Wellington\d20230919\21025_Flux_AmeriFluxFormat_0.dat
2024-12-26 07:47:57,708 - INFO - H:\UGS_Flux\Data_Downloads\Wellington\d20230919\21025_Flux_AmeriFluxFormat_3.dat
2024-12-26 07:47:57,720 - INFO - H:\UGS_Flux\Data_Downloads\Wellington\d20230919\21025_Flux_AmeriFluxFormat_5.dat
2024-12-26 07:47:57,740 - INFO - H:\UGS_Flux\Data_Downloads\Wellington\d20230919\21025_Flux_AmeriFluxFormat_1.dat
2024-12-26 07:47:57,754 - INFO - H:\UGS_Flux\Data_Downloads\Wellington\d20230919\21025_Flux_AmeriFluxFormat_4.dat
2024-12-26 07:47:57,766 - INFO - H:\UGS_Flux\Data_Downloads\Wellington\d20230919\23861_Flux_AmeriFluxFormat_9.dat
2024-12-26 07:47:57,811 - INFO - H:\UGS_Flux\Data_Downloads\Wellington\d20230919\23861_Flux_AmeriFluxFormat_10.dat
2024-12-26 07:47:57,834 - INFO - H:\UGS_Flux\Data_Downloads\Wellington\EasyFlux_output\Wellington_Flux_AmeriFluxFormat.dat
2024-12-26 07:47:57,878 - INFO - H:\UGS_Flux\Data_Downloads\Wellington\e20231205\21025_Flux_AmeriFluxFormat_10.dat
2024-12-26 07:47:57,889 - INFO - H:\UGS_Flux\Data_Downloads\Wellington\e20231205\21025_Flux_AmeriFluxFormat_11.dat
2024-12-26 07:47:57,898 - INFO - H:\UGS_Flux\Data_Downloads\Wellington\e20231205\21025_Flux_AmeriFluxFormat_12.dat
2024-12-26 07:47:57,918 - INFO - H:\UGS_Flux\Data_Downloads\Wellington\e20231205\21025_Flux_AmeriFluxFormat_13.dat
2024-12-26 07:47:57,930 - INFO - H:\UGS_Flux\Data_Downloads\Wellington\e20231205\21025_Flux_AmeriFluxFormat_9.dat
2024-12-26 07:47:57,941 - INFO - H:\UGS_Flux\Data_Downloads\Wellington\e20240305\21025_Flux_AmeriFluxFormat_13.dat
2024-12-26 07:47:57,969 - INFO - H:\UGS_Flux\Data_Downloads\Wellington\e20240305\21025_Flux_AmeriFluxFormat_14.dat
2024-12-26 07:47:57,993 - INFO - H:\UGS_Flux\Data_Downloads\Wellington\e20240305\21025_Flux_AmeriFluxFormat_15.dat
2024-12-26 07:47:58,014 - INFO - H:\UGS_Flux\Data_Downloads\Wellington\e20240401\21025_Flux_AmeriFluxFormat_25.dat
2024-12-26 07:47:58,026 - INFO - H:\UGS_Flux\Data_Downloads\Wellington\e20240401\21025_Flux_AmeriFluxFormat_26.dat
2024-12-26 07:47:58,051 - INFO - H:\UGS_Flux\Data_Downloads\Wellington\Flux_Data_23861\23861_Flux_AmeriFluxFormat_27.dat
2024-12-26 07:47:58,080 - INFO - H:\UGS_Flux\Data_Downloads\Wellington\Flux_Data_23861\23861_Flux_AmeriFluxFormat_28.dat
2024-12-26 07:47:58,101 - INFO - H:\UGS_Flux\Data_Downloads\Wellington\m20230831\23861_Flux_AmeriFluxFormat_0.dat
2024-12-26 07:47:58,116 - INFO - H:\UGS_Flux\Data_Downloads\Wellington\wellington_dat\23861_Flux_AmeriFluxFormat_10.dat
2024-12-26 07:47:58,140 - INFO - H:\UGS_Flux\Data_Downloads\Wellington\wellington_dat\23861_Flux_AmeriFluxFormat_11.dat
2024-12-26 07:47:58,159 - INFO - H:\UGS_Flux\Data_Downloads\Wellington\wellington_dat\23861_Flux_AmeriFluxFormat_12.dat
2024-12-26 07:47:58,172 - INFO - H:\UGS_Flux\Data_Downloads\Wellington\wellington_dat\23861_Flux_AmeriFluxFormat_13.dat
2024-12-26 07:47:58,194 - INFO - H:\UGS_Flux\Data_Downloads\Wellington\wellington_dat\23861_Flux_AmeriFluxFormat_14.dat
2024-12-26 07:47:58,220 - INFO - H:\UGS_Flux\Data_Downloads\Wellington\wellington_dat\23861_Flux_AmeriFluxFormat_15.dat
2024-12-26 07:47:58,245 - INFO - H:\UGS_Flux\Data_Downloads\Wellington\wellington_dat\23861_Flux_AmeriFluxFormat_16.dat
2024-12-26 07:47:58,273 - INFO - H:\UGS_Flux\Data_Downloads\Wellington\wellington_dat\23861_Flux_AmeriFluxFormat_17.dat
2024-12-26 07:47:58,300 - INFO - H:\UGS_Flux\Data_Downloads\Wellington\wellington_dat\23861_Flux_AmeriFluxFormat_18.dat
2024-12-26 07:47:58,315 - INFO - H:\UGS_Flux\Data_Downloads\Wellington\wellington_dat\23861_Flux_AmeriFluxFormat_9.dat
2024-12-26 07:47:58,361 - INFO - H:\UGS_Flux\Data_Downloads\Wellington\e20231024\21025_Flux_AmeriFluxFormat_5.dat
2024-12-26 07:47:58,376 - INFO - H:\UGS_Flux\Data_Downloads\Wellington\e20231024\21025_Flux_AmeriFluxFormat_6.dat
2024-12-26 07:47:58,408 - INFO - H:\UGS_Flux\Data_Downloads\Wellington\e20231024\21025_Flux_AmeriFluxFormat_7.dat
2024-12-26 07:47:58,433 - INFO - H:\UGS_Flux\Data_Downloads\Wellington\OldFiles\23861_Flux_AmeriFluxFormat_13.dat
2024-12-26 07:47:58,464 - INFO - H:\UGS_Flux\Data_Downloads\Wellington\OldFiles\23861_Flux_AmeriFluxFormat_14.dat
2024-12-26 07:47:58,492 - INFO - H:\UGS_Flux\Data_Downloads\Wellington\OldFiles\23861_Flux_AmeriFluxFormat_15.dat
2024-12-26 07:47:58,525 - INFO - H:\UGS_Flux\Data_Downloads\Wellington\OldFiles\23861_Flux_AmeriFluxFormat_16.dat
2024-12-26 07:47:58,563 - INFO - H:\UGS_Flux\Data_Downloads\Wellington\e20240619\21025_Flux_AmeriFluxFormat_29.dat
2024-12-26 07:47:58,593 - INFO - H:\UGS_Flux\Data_Downloads\Wellington\e20240723\21025_Flux_AmeriFluxFormat_29.dat
2024-12-26 07:47:58,631 - INFO - H:\UGS_Flux\Data_Downloads\Wellington\e20240723\21025_Flux_AmeriFluxFormat_30.dat
2024-12-26 07:47:58,654 - INFO - H:\UGS_Flux\Data_Downloads\Wellington\eddy_20231205\21025_Flux_AmeriFluxFormat_10.dat
2024-12-26 07:47:58,660 - INFO - H:\UGS_Flux\Data_Downloads\Wellington\eddy_20231205\21025_Flux_AmeriFluxFormat_11.dat
2024-12-26 07:47:58,666 - INFO - H:\UGS_Flux\Data_Downloads\Wellington\eddy_20231205\21025_Flux_AmeriFluxFormat_12.dat
2024-12-26 07:47:58,687 - INFO - H:\UGS_Flux\Data_Downloads\Wellington\eddy_20231205\21025_Flux_AmeriFluxFormat_13.dat
2024-12-26 07:47:58,698 - INFO - H:\UGS_Flux\Data_Downloads\Wellington\eddy_20231205\21025_Flux_AmeriFluxFormat_9.dat
2024-12-26 07:47:58,706 - INFO - H:\UGS_Flux\Data_Downloads\Wellington\e20240809\21025_Flux_AmeriFluxFormat_30.dat
2024-12-26 07:47:58,725 - INFO - H:\UGS_Flux\Data_Downloads\Wellington\e20240809\21025_Flux_AmeriFluxFormat_31.dat
2024-12-26 07:47:58,746 - INFO - H:\UGS_Flux\Data_Downloads\Wellington\e20240915\21025_Flux_AmeriFluxFormat_30.dat
2024-12-26 07:47:58,764 - INFO - H:\UGS_Flux\Data_Downloads\Wellington\e20240915\21025_Flux_AmeriFluxFormat_31.dat
2024-12-26 07:47:58,789 - INFO - H:\UGS_Flux\Data_Downloads\Wellington\e20240915\21025_Flux_AmeriFluxFormat_32.dat
2024-12-26 07:47:58,814 - INFO - H:\UGS_Flux\Data_Downloads\Wellington\e20240606\21025_Flux_AmeriFluxFormat_28.dat
2024-12-26 07:47:58,870 - INFO - H:\UGS_Flux\Data_Downloads\Wellington\e20240606\21025_Flux_AmeriFluxFormat_29.dat
2024-12-26 07:47:58,888 - INFO - H:\UGS_Flux\Data_Downloads\Wellington\e20241008\21025_Flux_AmeriFluxFormat_32.dat
2024-12-26 07:47:58,911 - INFO - H:\UGS_Flux\Data_Downloads\Wellington\e20241008\21025_Flux_AmeriFluxFormat_33.dat
2024-12-26 07:47:58,935 - INFO - H:\UGS_Flux\Data_Downloads\Wellington\e20241211\21025_Flux_AmeriFluxFormat_33.dat
2024-12-26 07:47:58,947 - INFO - H:\UGS_Flux\Data_Downloads\Wellington\e20241211\21025_Flux_AmeriFluxFormat_34.dat
2024-12-26 07:47:58,957 - INFO - H:\UGS_Flux\Data_Downloads\Wellington\e20241211\21025_Flux_AmeriFluxFormat_35.dat
2024-12-26 07:47:58,979 - INFO - H:\UGS_Flux\Data_Downloads\Wellington\e20241211\21025_Flux_AmeriFluxFormat_36.dat
2024-12-26 07:47:58,999 - INFO - H:\UGS_Flux\Data_Downloads\Wellington\e20241211\21025_Flux_AmeriFluxFormat_37.dat
2024-12-26 07:47:59,022 - INFO - H:\UGS_Flux\Data_Downloads\Wellington\e20241211\21025_Flux_AmeriFluxFormat_38.dat
2024-12-26 07:47:59,053 - INFO - H:\UGS_Flux\Data_Downloads\Wellington\EasyFlux_output\20220729\Wellington_Flux_AmeriFluxFormat.dat
2024-12-26 07:47:59,173 - INFO - H:\UGS_Flux\Data_Downloads\Wellington\OldFiles\eddy_20240516\21025_Flux_AmeriFluxFormat_26.dat
2024-12-26 07:47:59,186 - INFO - H:\UGS_Flux\Data_Downloads\Wellington\OldFiles\eddy_20240516\21025_Flux_AmeriFluxFormat_27.dat
2024-12-26 07:47:59,211 - INFO - H:\UGS_Flux\Data_Downloads\Wellington\OldFiles\eddy_20240516\21025_Flux_AmeriFluxFormat_28.dat
2024-12-26 07:47:59,240 - INFO - H:\UGS_Flux\Data_Downloads\Wellington\e20240619\eddy_20240516\21025_Flux_AmeriFluxFormat_26.dat
2024-12-26 07:47:59,253 - INFO - H:\UGS_Flux\Data_Downloads\Wellington\e20240619\eddy_20240516\21025_Flux_AmeriFluxFormat_27.dat
2024-12-26 07:47:59,276 - INFO - H:\UGS_Flux\Data_Downloads\Wellington\e20240619\eddy_20240516\21025_Flux_AmeriFluxFormat_28.dat
2024-12-26 07:47:59,666 - INFO - Starting Processing
2024-12-26 07:47:59,666 - INFO - Reading first line of file: ..\data\extreme_values.csv
2024-12-26 07:48:05,675 - INFO - SSITC Values: [1 2 0]
2024-12-26 07:48:06,806 - INFO - Null Value Count in ET: 8895
2024-12-26 07:48:06,806 - INFO - Length of ET: 62457
2024-12-26 07:48:09,241 - INFO - H:\UGS_Flux\Data_Downloads\Escalante
2024-12-26 07:48:09,241 - INFO - H:\UGS_Flux\Data_Downloads\Escalante\Escalante_Flux_AmeriFluxFormat.dat
2024-12-26 07:48:09,282 - INFO - H:\UGS_Flux\Data_Downloads\Escalante\e20240808\21021_Flux_AmeriFluxFormat_0.dat
2024-12-26 07:48:09,293 - INFO - H:\UGS_Flux\Data_Downloads\Escalante\e20240808\21021_Flux_AmeriFluxFormat_1.dat
2024-12-26 07:48:09,302 - INFO - H:\UGS_Flux\Data_Downloads\Escalante\e20240808\21021_Flux_AmeriFluxFormat_2.dat
2024-12-26 07:48:09,321 - INFO - H:\UGS_Flux\Data_Downloads\Escalante\e20240808\21021_Flux_AmeriFluxFormat_3.dat
2024-12-26 07:48:09,331 - INFO - H:\UGS_Flux\Data_Downloads\Escalante\e20240808\21021_Flux_AmeriFluxFormat_4.dat
2024-12-26 07:48:09,344 - INFO - H:\UGS_Flux\Data_Downloads\Escalante\e20240808\21021_Flux_AmeriFluxFormat_5.dat
2024-12-26 07:48:09,366 - INFO - H:\UGS_Flux\Data_Downloads\Escalante\e20240808\21021_Flux_AmeriFluxFormat_6.dat
2024-12-26 07:48:09,388 - INFO - H:\UGS_Flux\Data_Downloads\Escalante\e20240925\21021_Flux_AmeriFluxFormat_0.dat
2024-12-26 07:48:09,409 - INFO - H:\UGS_Flux\Data_Downloads\Escalante\e20240925\21021_Flux_AmeriFluxFormat_1.dat
2024-12-26 07:48:09,430 - INFO - H:\UGS_Flux\Data_Downloads\Escalante\e20240925\21021_Flux_AmeriFluxFormat_2.dat
2024-12-26 07:48:09,474 - INFO - Starting Processing
2024-12-26 07:48:09,474 - INFO - Reading first line of file: ..\data\extreme_values.csv
2024-12-26 07:48:09,903 - INFO - SSITC Values: [1 2 0]
2024-12-26 07:48:09,951 - INFO - Null Value Count in ET: 41
2024-12-26 07:48:09,951 - INFO - Length of ET: 4463
2024-12-26 07:48:10,133 - INFO - H:\UGS_Flux\Data_Downloads\Matheson
2024-12-26 07:48:10,134 - INFO - H:\UGS_Flux\Data_Downloads\Matheson\8442_Flux_AmeriFluxFormat_0.dat
2024-12-26 07:48:10,148 - INFO - H:\UGS_Flux\Data_Downloads\Matheson\Matheson Wetlands_Flux_AmeriFluxFormat.dat
2024-12-26 07:48:10,363 - INFO - H:\UGS_Flux\Data_Downloads\Matheson\Matheson Wetlands_Flux_AmeriFluxFormat (1).dat
2024-12-26 07:48:10,752 - INFO - H:\UGS_Flux\Data_Downloads\Matheson\Matheson Wetlands_Flux_AmeriFluxFormat (2).dat
2024-12-26 07:48:11,163 - INFO - H:\UGS_Flux\Data_Downloads\Matheson\d20211228\8442_Flux_AmeriFluxFormat_0.dat
2024-12-26 07:48:11,176 - INFO - H:\UGS_Flux\Data_Downloads\Matheson\d20220215\8442_Flux_AmeriFluxFormat_0.dat
2024-12-26 07:48:11,187 - INFO - H:\UGS_Flux\Data_Downloads\Matheson\d20220323\8442_Flux_AmeriFluxFormat_0.dat
2024-12-26 07:48:11,199 - INFO - H:\UGS_Flux\Data_Downloads\Matheson\d20221115\8442_Flux_AmeriFluxFormat_0.dat
2024-12-26 07:48:11,225 - INFO - H:\UGS_Flux\Data_Downloads\Matheson\d20221115\8442_Flux_AmeriFluxFormat_1.dat
2024-12-26 07:48:11,253 - INFO - H:\UGS_Flux\Data_Downloads\Matheson\d20221208\8442_Flux_AmeriFluxFormat_1.dat
2024-12-26 07:48:11,293 - INFO - H:\UGS_Flux\Data_Downloads\Matheson\d20230208\8442_Flux_AmeriFluxFormat_1.dat
2024-12-26 07:48:11,309 - INFO - H:\UGS_Flux\Data_Downloads\Matheson\d20230208\8442_Flux_AmeriFluxFormat_2.dat
2024-12-26 07:48:11,346 - INFO - H:\UGS_Flux\Data_Downloads\Matheson\d20230208\8442_Flux_AmeriFluxFormat_3.dat
2024-12-26 07:48:11,382 - INFO - H:\UGS_Flux\Data_Downloads\Matheson\d20230208\8442_Flux_AmeriFluxFormat_4.dat
2024-12-26 07:48:11,401 - INFO - H:\UGS_Flux\Data_Downloads\Matheson\d20230302\8442_Flux_AmeriFluxFormat_4.dat
2024-12-26 07:48:11,422 - INFO - H:\UGS_Flux\Data_Downloads\Matheson\d20230302\8442_Flux_AmeriFluxFormat_5.dat
2024-12-26 07:48:11,450 - INFO - H:\UGS_Flux\Data_Downloads\Matheson\d20230302\8442_Flux_AmeriFluxFormat_6.dat
2024-12-26 07:48:11,478 - INFO - H:\UGS_Flux\Data_Downloads\Matheson\d20230403\8442_Flux_AmeriFluxFormat_6.dat
2024-12-26 07:48:11,508 - INFO - H:\UGS_Flux\Data_Downloads\Matheson\d20230403\8442_Flux_AmeriFluxFormat_7.dat
2024-12-26 07:48:11,548 - INFO - H:\UGS_Flux\Data_Downloads\Matheson\d20230509\8442_Flux_AmeriFluxFormat_10.dat
2024-12-26 07:48:11,568 - INFO - H:\UGS_Flux\Data_Downloads\Matheson\d20230509\8442_Flux_AmeriFluxFormat_11.dat
2024-12-26 07:48:11,587 - INFO - H:\UGS_Flux\Data_Downloads\Matheson\d20230509\8442_Flux_AmeriFluxFormat_12.dat
2024-12-26 07:48:11,624 - INFO - H:\UGS_Flux\Data_Downloads\Matheson\d20230509\8442_Flux_AmeriFluxFormat_13.dat
2024-12-26 07:48:11,640 - INFO - H:\UGS_Flux\Data_Downloads\Matheson\d20230509\8442_Flux_AmeriFluxFormat_7.dat
2024-12-26 07:48:11,657 - INFO - H:\UGS_Flux\Data_Downloads\Matheson\d20230509\8442_Flux_AmeriFluxFormat_8.dat
2024-12-26 07:48:11,671 - INFO - H:\UGS_Flux\Data_Downloads\Matheson\d20230509\8442_Flux_AmeriFluxFormat_9.dat
2024-12-26 07:48:11,691 - INFO - H:\UGS_Flux\Data_Downloads\Matheson\d20230606\8442_Flux_AmeriFluxFormat_0.dat
2024-12-26 07:48:11,717 - INFO - H:\UGS_Flux\Data_Downloads\Matheson\d20230718\8442_Flux_AmeriFluxFormat_1.dat
2024-12-26 07:48:11,733 - INFO - H:\UGS_Flux\Data_Downloads\Matheson\d20230718\8442_Flux_AmeriFluxFormat_2.dat
2024-12-26 07:48:11,769 - INFO - H:\UGS_Flux\Data_Downloads\Matheson\d20230718\8442_Flux_AmeriFluxFormat_3.dat
2024-12-26 07:48:11,796 - INFO - H:\UGS_Flux\Data_Downloads\Matheson\e20231114\21022_Flux_AmeriFluxFormat_8.dat
2024-12-26 07:48:11,829 - INFO - H:\UGS_Flux\Data_Downloads\Matheson\e20231114\21022_Flux_AmeriFluxFormat_9.dat
2024-12-26 07:48:11,850 - INFO - H:\UGS_Flux\Data_Downloads\Matheson\e20231205\21022_Flux_AmeriFluxFormat_10.dat
2024-12-26 07:48:11,864 - INFO - H:\UGS_Flux\Data_Downloads\Matheson\e20231205\21022_Flux_AmeriFluxFormat_9.dat
2024-12-26 07:48:11,893 - INFO - H:\UGS_Flux\Data_Downloads\Matheson\e20240627\21022_Flux_AmeriFluxFormat_0.dat
2024-12-26 07:48:11,918 - INFO - H:\UGS_Flux\Data_Downloads\Matheson\e20240627\21022_Flux_AmeriFluxFormat_1.dat
2024-12-26 07:48:11,947 - INFO - H:\UGS_Flux\Data_Downloads\Matheson\e20231024\21022_Flux_AmeriFluxFormat_7.dat
2024-12-26 07:48:11,978 - INFO - H:\UGS_Flux\Data_Downloads\Matheson\e20231024\21022_Flux_AmeriFluxFormat_8.dat
2024-12-26 07:48:12,003 - INFO - H:\UGS_Flux\Data_Downloads\Matheson\e20240401\21022_Flux_AmeriFluxFormat_11.dat
2024-12-26 07:48:12,030 - INFO - H:\UGS_Flux\Data_Downloads\Matheson\e20240401\21022_Flux_AmeriFluxFormat_12.dat
2024-12-26 07:48:12,055 - INFO - H:\UGS_Flux\Data_Downloads\Matheson\e20240401\21022_Flux_AmeriFluxFormat_13.dat
2024-12-26 07:48:12,088 - INFO - H:\UGS_Flux\Data_Downloads\Matheson\e20240401\21022_Flux_AmeriFluxFormat_14.dat
2024-12-26 07:48:12,099 - INFO - H:\UGS_Flux\Data_Downloads\Matheson\e20240401\21022_Flux_AmeriFluxFormat_15.dat
2024-12-26 07:48:12,124 - INFO - H:\UGS_Flux\Data_Downloads\Matheson\e20240401\21022_Flux_AmeriFluxFormat_16.dat
2024-12-26 07:48:12,156 - INFO - H:\UGS_Flux\Data_Downloads\Matheson\e20240401\21022_Flux_AmeriFluxFormat_10.dat
2024-12-26 07:48:12,189 - INFO - H:\UGS_Flux\Data_Downloads\Matheson\e20240915\21022_Flux_AmeriFluxFormat_3.dat
2024-12-26 07:48:12,211 - INFO - H:\UGS_Flux\Data_Downloads\Matheson\e20240915\21022_Flux_AmeriFluxFormat_4.dat
2024-12-26 07:48:12,228 - INFO - H:\UGS_Flux\Data_Downloads\Matheson\e20240915\21022_Flux_AmeriFluxFormat_5.dat
2024-12-26 07:48:12,257 - INFO - H:\UGS_Flux\Data_Downloads\Matheson\e20240822\21022_Flux_AmeriFluxFormat_1.dat
2024-12-26 07:48:12,273 - INFO - H:\UGS_Flux\Data_Downloads\Matheson\e20240822\21022_Flux_AmeriFluxFormat_2.dat
2024-12-26 07:48:12,304 - INFO - H:\UGS_Flux\Data_Downloads\Matheson\e20240822\21022_Flux_AmeriFluxFormat_3.dat
2024-12-26 07:48:12,331 - INFO - H:\UGS_Flux\Data_Downloads\Matheson\d20230831_1\21022_Flux_AmeriFluxFormat_0.dat
2024-12-26 07:48:12,344 - INFO - H:\UGS_Flux\Data_Downloads\Matheson\d20230831_1\21022_Flux_AmeriFluxFormat_1.dat
2024-12-26 07:48:12,366 - INFO - H:\UGS_Flux\Data_Downloads\Matheson\d20230831_1\21022_Flux_AmeriFluxFormat_2.dat
2024-12-26 07:48:12,390 - INFO - H:\UGS_Flux\Data_Downloads\Matheson\d20230831_1\8442_Flux_AmeriFluxFormat_3.dat
2024-12-26 07:48:12,439 - INFO - H:\UGS_Flux\Data_Downloads\Matheson\d20230831_2\8441_Flux_AmeriFluxFormat_0.dat
2024-12-26 07:48:12,449 - INFO - H:\UGS_Flux\Data_Downloads\Matheson\d20230831_2\8441_Flux_AmeriFluxFormat_1.dat
2024-12-26 07:48:12,459 - INFO - H:\UGS_Flux\Data_Downloads\Matheson\d20230920\21022_Flux_AmeriFluxFormat_2.dat
2024-12-26 07:48:12,474 - INFO - H:\UGS_Flux\Data_Downloads\Matheson\d20230920\21022_Flux_AmeriFluxFormat_3.dat
2024-12-26 07:48:12,496 - INFO - H:\UGS_Flux\Data_Downloads\Matheson\d20230920\21022_Flux_AmeriFluxFormat_4.dat
2024-12-26 07:48:12,512 - INFO - H:\UGS_Flux\Data_Downloads\Matheson\d20230920\21022_Flux_AmeriFluxFormat_5.dat
2024-12-26 07:48:12,523 - INFO - H:\UGS_Flux\Data_Downloads\Matheson\d20230920\21022_Flux_AmeriFluxFormat_6.dat
2024-12-26 07:48:12,545 - INFO - H:\UGS_Flux\Data_Downloads\Matheson\e20241009\21022_Flux_AmeriFluxFormat_3.dat
2024-12-26 07:48:12,565 - INFO - H:\UGS_Flux\Data_Downloads\Matheson\e20241009\21022_Flux_AmeriFluxFormat_4.dat
2024-12-26 07:48:12,580 - INFO - H:\UGS_Flux\Data_Downloads\Matheson\e20241009\21022_Flux_AmeriFluxFormat_5.dat
2024-12-26 07:48:12,601 - INFO - H:\UGS_Flux\Data_Downloads\Matheson\e20241009\21022_Flux_AmeriFluxFormat_6.dat
2024-12-26 07:48:12,618 - INFO - H:\UGS_Flux\Data_Downloads\Matheson\e20241009\21022_Flux_AmeriFluxFormat_7.dat
2024-12-26 07:48:12,634 - INFO - H:\UGS_Flux\Data_Downloads\Matheson\e20241210\21022_Flux_AmeriFluxFormat_10.dat
2024-12-26 07:48:12,656 - INFO - H:\UGS_Flux\Data_Downloads\Matheson\e20241210\21022_Flux_AmeriFluxFormat_11.dat
2024-12-26 07:48:12,666 - INFO - H:\UGS_Flux\Data_Downloads\Matheson\e20241210\21022_Flux_AmeriFluxFormat_12.dat
2024-12-26 07:48:12,675 - INFO - H:\UGS_Flux\Data_Downloads\Matheson\e20241210\21022_Flux_AmeriFluxFormat_13.dat
2024-12-26 07:48:12,685 - INFO - H:\UGS_Flux\Data_Downloads\Matheson\e20241210\21022_Flux_AmeriFluxFormat_14.dat
2024-12-26 07:48:12,693 - INFO - H:\UGS_Flux\Data_Downloads\Matheson\e20241210\21022_Flux_AmeriFluxFormat_15.dat
2024-12-26 07:48:12,702 - INFO - H:\UGS_Flux\Data_Downloads\Matheson\e20241210\21022_Flux_AmeriFluxFormat_16.dat
2024-12-26 07:48:12,710 - INFO - H:\UGS_Flux\Data_Downloads\Matheson\e20241210\21022_Flux_AmeriFluxFormat_17.dat
2024-12-26 07:48:12,719 - INFO - H:\UGS_Flux\Data_Downloads\Matheson\e20241210\21022_Flux_AmeriFluxFormat_18.dat
2024-12-26 07:48:12,728 - INFO - H:\UGS_Flux\Data_Downloads\Matheson\e20241210\21022_Flux_AmeriFluxFormat_19.dat
2024-12-26 07:48:12,737 - INFO - H:\UGS_Flux\Data_Downloads\Matheson\e20241210\21022_Flux_AmeriFluxFormat_20.dat
2024-12-26 07:48:12,747 - INFO - H:\UGS_Flux\Data_Downloads\Matheson\e20241210\21022_Flux_AmeriFluxFormat_21.dat
2024-12-26 07:48:12,757 - INFO - H:\UGS_Flux\Data_Downloads\Matheson\e20241210\21022_Flux_AmeriFluxFormat_22.dat
2024-12-26 07:48:12,768 - INFO - H:\UGS_Flux\Data_Downloads\Matheson\e20241210\21022_Flux_AmeriFluxFormat_23.dat
2024-12-26 07:48:12,778 - INFO - H:\UGS_Flux\Data_Downloads\Matheson\e20241210\21022_Flux_AmeriFluxFormat_24.dat
2024-12-26 07:48:12,788 - INFO - H:\UGS_Flux\Data_Downloads\Matheson\e20241210\21022_Flux_AmeriFluxFormat_25.dat
2024-12-26 07:48:12,798 - INFO - H:\UGS_Flux\Data_Downloads\Matheson\e20241210\21022_Flux_AmeriFluxFormat_26.dat
2024-12-26 07:48:12,807 - INFO - H:\UGS_Flux\Data_Downloads\Matheson\e20241210\21022_Flux_AmeriFluxFormat_27.dat
2024-12-26 07:48:12,817 - INFO - H:\UGS_Flux\Data_Downloads\Matheson\e20241210\21022_Flux_AmeriFluxFormat_28.dat
2024-12-26 07:48:12,825 - INFO - H:\UGS_Flux\Data_Downloads\Matheson\e20241210\21022_Flux_AmeriFluxFormat_29.dat
2024-12-26 07:48:12,834 - INFO - H:\UGS_Flux\Data_Downloads\Matheson\e20241210\21022_Flux_AmeriFluxFormat_30.dat
2024-12-26 07:48:12,842 - INFO - H:\UGS_Flux\Data_Downloads\Matheson\e20241210\21022_Flux_AmeriFluxFormat_31.dat
2024-12-26 07:48:12,851 - INFO - H:\UGS_Flux\Data_Downloads\Matheson\e20241210\21022_Flux_AmeriFluxFormat_32.dat
2024-12-26 07:48:12,861 - INFO - H:\UGS_Flux\Data_Downloads\Matheson\e20241210\21022_Flux_AmeriFluxFormat_33.dat
2024-12-26 07:48:12,870 - INFO - H:\UGS_Flux\Data_Downloads\Matheson\e20241210\21022_Flux_AmeriFluxFormat_34.dat
2024-12-26 07:48:12,879 - INFO - H:\UGS_Flux\Data_Downloads\Matheson\e20241210\21022_Flux_AmeriFluxFormat_35.dat
2024-12-26 07:48:12,889 - INFO - H:\UGS_Flux\Data_Downloads\Matheson\e20241210\21022_Flux_AmeriFluxFormat_36.dat
2024-12-26 07:48:12,898 - INFO - H:\UGS_Flux\Data_Downloads\Matheson\e20241210\21022_Flux_AmeriFluxFormat_37.dat
2024-12-26 07:48:12,907 - INFO - H:\UGS_Flux\Data_Downloads\Matheson\e20241210\21022_Flux_AmeriFluxFormat_38.dat
2024-12-26 07:48:12,917 - INFO - H:\UGS_Flux\Data_Downloads\Matheson\e20241210\21022_Flux_AmeriFluxFormat_39.dat
2024-12-26 07:48:12,926 - INFO - H:\UGS_Flux\Data_Downloads\Matheson\e20241210\21022_Flux_AmeriFluxFormat_40.dat
2024-12-26 07:48:12,937 - INFO - H:\UGS_Flux\Data_Downloads\Matheson\e20241210\21022_Flux_AmeriFluxFormat_41.dat
2024-12-26 07:48:12,945 - INFO - H:\UGS_Flux\Data_Downloads\Matheson\e20241210\21022_Flux_AmeriFluxFormat_42.dat
2024-12-26 07:48:12,954 - INFO - H:\UGS_Flux\Data_Downloads\Matheson\e20241210\21022_Flux_AmeriFluxFormat_43.dat
2024-12-26 07:48:12,962 - INFO - H:\UGS_Flux\Data_Downloads\Matheson\e20241210\21022_Flux_AmeriFluxFormat_44.dat
2024-12-26 07:48:12,972 - INFO - H:\UGS_Flux\Data_Downloads\Matheson\e20241210\21022_Flux_AmeriFluxFormat_45.dat
2024-12-26 07:48:12,980 - INFO - H:\UGS_Flux\Data_Downloads\Matheson\e20241210\21022_Flux_AmeriFluxFormat_7.dat
2024-12-26 07:48:13,004 - INFO - H:\UGS_Flux\Data_Downloads\Matheson\e20241210\21022_Flux_AmeriFluxFormat_8.dat
2024-12-26 07:48:13,037 - INFO - H:\UGS_Flux\Data_Downloads\Matheson\e20241210\21022_Flux_AmeriFluxFormat_9.dat
2024-12-26 07:48:13,067 - INFO - H:\UGS_Flux\Data_Downloads\Matheson\d20220518\eddy_20231205\21022_Flux_AmeriFluxFormat_10.dat
2024-12-26 07:48:13,080 - INFO - H:\UGS_Flux\Data_Downloads\Matheson\d20220518\eddy_20231205\21022_Flux_AmeriFluxFormat_9.dat
2024-12-26 07:48:13,109 - INFO - H:\UGS_Flux\Data_Downloads\Matheson\e20240401\part2\21022_Flux_AmeriFluxFormat_16.dat
2024-12-26 07:48:13,122 - INFO - H:\UGS_Flux\Data_Downloads\Matheson\e20240401\part2\21022_Flux_AmeriFluxFormat_17.dat
2024-12-26 07:48:13,131 - INFO - H:\UGS_Flux\Data_Downloads\Matheson\e20240401\part2\21022_Flux_AmeriFluxFormat_18.dat
2024-12-26 07:48:13,587 - INFO - Starting Processing
2024-12-26 07:48:13,587 - INFO - Reading first line of file: ..\data\extreme_values.csv
2024-12-26 07:48:22,881 - INFO - SSITC Values: [2 0 1]
2024-12-26 07:48:28,597 - INFO - Null Value Count in ET: 35895
2024-12-26 07:48:28,597 - INFO - Length of ET: 57738
2024-12-26 07:48:31,308 - INFO - H:\UGS_Flux\Data_Downloads\Phrag
2024-12-26 07:48:31,310 - INFO - H:\UGS_Flux\Data_Downloads\Phrag\Great Salt Lake Phragmites_Flux_AmeriFluxFormat_(2).dat
2024-12-26 07:48:31,344 - INFO - H:\UGS_Flux\Data_Downloads\Phrag\Great Salt Lake Phragmites_Flux_AmeriFluxFormat_(3).dat
2024-12-26 07:48:31,385 - INFO - H:\UGS_Flux\Data_Downloads\Phrag\Great Salt Lake Phragmites_Flux_AmeriFluxFormat (5).dat
2024-12-26 07:48:31,436 - INFO - H:\UGS_Flux\Data_Downloads\Phrag\8441_Flux_AmeriFluxFormat_0.dat
2024-12-26 07:48:31,459 - INFO - H:\UGS_Flux\Data_Downloads\Phrag\8441_Flux_AmeriFluxFormat_1.dat
2024-12-26 07:48:31,483 - INFO - H:\UGS_Flux\Data_Downloads\Phrag\8441_Flux_AmeriFluxFormat_2.dat
2024-12-26 07:48:31,492 - INFO - H:\UGS_Flux\Data_Downloads\Phrag\8441_Flux_AmeriFluxFormat_3.dat
2024-12-26 07:48:31,504 - INFO - H:\UGS_Flux\Data_Downloads\Phrag\New folder\8442_Flux_AmeriFluxFormat_0.dat
2024-12-26 07:48:31,518 - INFO - H:\UGS_Flux\Data_Downloads\Phrag\New folder\8442_Flux_AmeriFluxFormat_1.dat
2024-12-26 07:48:31,535 - INFO - H:\UGS_Flux\Data_Downloads\Phrag\New folder\8442_Flux_AmeriFluxFormat_2.dat
2024-12-26 07:48:31,548 - INFO - H:\UGS_Flux\Data_Downloads\Phrag\New folder\8442_Flux_AmeriFluxFormat_3.dat
2024-12-26 07:48:31,576 - INFO - H:\UGS_Flux\Data_Downloads\Phrag\New folder\8442_Flux_AmeriFluxFormat_4.dat
2024-12-26 07:48:31,596 - INFO - H:\UGS_Flux\Data_Downloads\Phrag\New folder\8442_Flux_AmeriFluxFormat_5.dat
2024-12-26 07:48:31,622 - INFO - H:\UGS_Flux\Data_Downloads\Phrag\New folder\8442_Flux_AmeriFluxFormat_6.dat
2024-12-26 07:48:31,641 - INFO - H:\UGS_Flux\Data_Downloads\Phrag\New folder\8442_Flux_AmeriFluxFormat_7.dat
2024-12-26 07:48:31,688 - INFO - Starting Processing
2024-12-26 07:48:31,688 - INFO - Reading first line of file: ..\data\extreme_values.csv
2024-12-26 07:48:33,647 - INFO - SSITC Values: [2 0 1]
2024-12-26 07:48:33,716 - INFO - Null Value Count in ET: 24111
2024-12-26 07:48:33,716 - INFO - Length of ET: 30938
2024-12-26 07:48:34,833 - INFO - H:\UGS_Flux\Data_Downloads\Cedar_mesa
2024-12-26 07:48:34,834 - INFO - H:\UGS_Flux\Data_Downloads\Cedar_mesa\Cedar Mesa_Flux_AmeriFluxFormat.dat
2024-12-26 07:48:34,908 - INFO - H:\UGS_Flux\Data_Downloads\Cedar_mesa\e20240414\21313_Flux_AmeriFluxFormat_3.dat
2024-12-26 07:48:34,933 - INFO - H:\UGS_Flux\Data_Downloads\Cedar_mesa\e20240414\21313_Flux_AmeriFluxFormat_1.dat
2024-12-26 07:48:34,960 - INFO - H:\UGS_Flux\Data_Downloads\Cedar_mesa\e20240414\21313_Flux_AmeriFluxFormat_0.dat
2024-12-26 07:48:34,979 - INFO - H:\UGS_Flux\Data_Downloads\Cedar_mesa\e20240414\21313_Flux_AmeriFluxFormat_2.dat
2024-12-26 07:48:35,004 - INFO - H:\UGS_Flux\Data_Downloads\Cedar_mesa\e20240414\21313_Flux_AmeriFluxFormat_8.dat
2024-12-26 07:48:35,015 - INFO - H:\UGS_Flux\Data_Downloads\Cedar_mesa\e20240414\21313_Flux_AmeriFluxFormat_7.dat
2024-12-26 07:48:35,037 - INFO - H:\UGS_Flux\Data_Downloads\Cedar_mesa\e20240414\21313_Flux_AmeriFluxFormat_6.dat
2024-12-26 07:48:35,063 - INFO - H:\UGS_Flux\Data_Downloads\Cedar_mesa\e20240414\21313_Flux_AmeriFluxFormat_5.dat
2024-12-26 07:48:35,089 - INFO - H:\UGS_Flux\Data_Downloads\Cedar_mesa\e20240414\21313_Flux_AmeriFluxFormat_4.dat
2024-12-26 07:48:35,116 - INFO - H:\UGS_Flux\Data_Downloads\Cedar_mesa\e20240821\21313_Flux_AmeriFluxFormat_5.dat
2024-12-26 07:48:35,143 - INFO - H:\UGS_Flux\Data_Downloads\Cedar_mesa\e20240821\21313_Flux_AmeriFluxFormat_6.dat
2024-12-26 07:48:35,169 - INFO - H:\UGS_Flux\Data_Downloads\Cedar_mesa\e20240821\21313_Flux_AmeriFluxFormat_7.dat
2024-12-26 07:48:35,193 - INFO - H:\UGS_Flux\Data_Downloads\Cedar_mesa\e20240821\21313_Flux_AmeriFluxFormat_8.dat
2024-12-26 07:48:35,215 - INFO - H:\UGS_Flux\Data_Downloads\Cedar_mesa\e20240604\21313_Flux_AmeriFluxFormat_0.dat
2024-12-26 07:48:35,238 - INFO - H:\UGS_Flux\Data_Downloads\Cedar_mesa\e20240604\21313_Flux_AmeriFluxFormat_1.dat
2024-12-26 07:48:35,258 - INFO - H:\UGS_Flux\Data_Downloads\Cedar_mesa\e20240604\21313_Flux_AmeriFluxFormat_2.dat
2024-12-26 07:48:35,278 - INFO - H:\UGS_Flux\Data_Downloads\Cedar_mesa\e20240604\21313_Flux_AmeriFluxFormat_3.dat
2024-12-26 07:48:35,298 - INFO - H:\UGS_Flux\Data_Downloads\Cedar_mesa\e20240604\21313_Flux_AmeriFluxFormat_4.dat
2024-12-26 07:48:35,309 - INFO - H:\UGS_Flux\Data_Downloads\Cedar_mesa\e20240604\21313_Flux_AmeriFluxFormat_5.dat
2024-12-26 07:48:35,322 - INFO - H:\UGS_Flux\Data_Downloads\Cedar_mesa\met_20241008\45027_Flux_AmeriFluxFormat_10.dat
2024-12-26 07:48:35,344 - INFO - H:\UGS_Flux\Data_Downloads\Cedar_mesa\met_20241008\45027_Flux_AmeriFluxFormat_11.dat
2024-12-26 07:48:35,366 - INFO - H:\UGS_Flux\Data_Downloads\Cedar_mesa\met_20241008\45027_Flux_AmeriFluxFormat_12.dat
2024-12-26 07:48:35,386 - INFO - H:\UGS_Flux\Data_Downloads\Cedar_mesa\met_20241008\45027_Flux_AmeriFluxFormat_13.dat
2024-12-26 07:48:35,407 - INFO - H:\UGS_Flux\Data_Downloads\Cedar_mesa\met_20241008\45027_Flux_AmeriFluxFormat_14.dat
2024-12-26 07:48:35,429 - INFO - H:\UGS_Flux\Data_Downloads\Cedar_mesa\met_20241008\45027_Flux_AmeriFluxFormat_15.dat
2024-12-26 07:48:35,451 - INFO - H:\UGS_Flux\Data_Downloads\Cedar_mesa\met_20241008\45027_Flux_AmeriFluxFormat_16.dat
2024-12-26 07:48:35,479 - INFO - H:\UGS_Flux\Data_Downloads\Cedar_mesa\met_20241008\45027_Flux_AmeriFluxFormat_17.dat
2024-12-26 07:48:35,500 - INFO - H:\UGS_Flux\Data_Downloads\Cedar_mesa\met_20241008\45027_Flux_AmeriFluxFormat_18.dat
2024-12-26 07:48:35,520 - INFO - H:\UGS_Flux\Data_Downloads\Cedar_mesa\met_20241008\45027_Flux_AmeriFluxFormat_19.dat
2024-12-26 07:48:35,538 - INFO - H:\UGS_Flux\Data_Downloads\Cedar_mesa\met_20241008\45027_Flux_AmeriFluxFormat_6.dat
2024-12-26 07:48:35,550 - INFO - H:\UGS_Flux\Data_Downloads\Cedar_mesa\met_20241008\45027_Flux_AmeriFluxFormat_7.dat
2024-12-26 07:48:35,559 - INFO - H:\UGS_Flux\Data_Downloads\Cedar_mesa\met_20241008\45027_Flux_AmeriFluxFormat_8.dat
2024-12-26 07:48:35,582 - INFO - H:\UGS_Flux\Data_Downloads\Cedar_mesa\met_20241008\45027_Flux_AmeriFluxFormat_9.dat
2024-12-26 07:48:35,607 - INFO - H:\UGS_Flux\Data_Downloads\Cedar_mesa\eddy_20241008\21313_Flux_AmeriFluxFormat_10.dat
2024-12-26 07:48:35,621 - INFO - H:\UGS_Flux\Data_Downloads\Cedar_mesa\eddy_20241008\21313_Flux_AmeriFluxFormat_11.dat
2024-12-26 07:48:35,640 - INFO - H:\UGS_Flux\Data_Downloads\Cedar_mesa\eddy_20241008\21313_Flux_AmeriFluxFormat_8.dat
2024-12-26 07:48:35,666 - INFO - H:\UGS_Flux\Data_Downloads\Cedar_mesa\eddy_20241008\21313_Flux_AmeriFluxFormat_9.dat
2024-12-26 07:48:35,740 - INFO - Starting Processing
2024-12-26 07:48:35,740 - INFO - Reading first line of file: ..\data\extreme_values.csv
2024-12-26 07:48:37,089 - INFO - SSITC Values: [2 0 1]
2024-12-26 07:48:37,141 - INFO - Null Value Count in ET: 2195
2024-12-26 07:48:37,141 - INFO - Length of ET: 23148
2024-12-26 07:48:38,032 - INFO - H:\UGS_Flux\Data_Downloads\Desert_View_Myton
2024-12-26 07:48:38,033 - INFO - H:\UGS_Flux\Data_Downloads\Desert_View_Myton\Desert View_Flux_AmeriFluxFormat.dat
2024-12-26 07:48:38,121 - INFO - H:\UGS_Flux\Data_Downloads\Desert_View_Myton\e20231121\21311_Flux_AmeriFluxFormat_0.dat
2024-12-26 07:48:38,133 - INFO - H:\UGS_Flux\Data_Downloads\Desert_View_Myton\e20231121\21311_Flux_AmeriFluxFormat_1.dat
2024-12-26 07:48:38,143 - INFO - H:\UGS_Flux\Data_Downloads\Desert_View_Myton\e20231121\21311_Flux_AmeriFluxFormat_2.dat
2024-12-26 07:48:38,158 - INFO - H:\UGS_Flux\Data_Downloads\Desert_View_Myton\e20231121\21311_Flux_AmeriFluxFormat_3.dat
2024-12-26 07:48:38,183 - INFO - H:\UGS_Flux\Data_Downloads\Desert_View_Myton\e20231121\21311_Flux_AmeriFluxFormat_4.dat
2024-12-26 07:48:38,208 - INFO - H:\UGS_Flux\Data_Downloads\Desert_View_Myton\e20231121\21311_Flux_AmeriFluxFormat_5.dat
2024-12-26 07:48:38,220 - INFO - H:\UGS_Flux\Data_Downloads\Desert_View_Myton\e20231023\21311_Flux_AmeriFluxFormat_0.dat
2024-12-26 07:48:38,232 - INFO - H:\UGS_Flux\Data_Downloads\Desert_View_Myton\e20231023\21311_Flux_AmeriFluxFormat_1.dat
2024-12-26 07:48:38,237 - INFO - H:\UGS_Flux\Data_Downloads\Desert_View_Myton\e20231023\21311_Flux_AmeriFluxFormat_2.dat
2024-12-26 07:48:38,253 - INFO - H:\UGS_Flux\Data_Downloads\Desert_View_Myton\e20231023\21311_Flux_AmeriFluxFormat_3.dat
2024-12-26 07:48:38,276 - INFO - H:\UGS_Flux\Data_Downloads\Desert_View_Myton\e20240326\21311_Flux_AmeriFluxFormat_10.dat
2024-12-26 07:48:38,302 - INFO - H:\UGS_Flux\Data_Downloads\Desert_View_Myton\e20240326\21311_Flux_AmeriFluxFormat_5.dat
2024-12-26 07:48:38,329 - INFO - H:\UGS_Flux\Data_Downloads\Desert_View_Myton\e20240326\21311_Flux_AmeriFluxFormat_6.dat
2024-12-26 07:48:38,351 - INFO - H:\UGS_Flux\Data_Downloads\Desert_View_Myton\e20240326\21311_Flux_AmeriFluxFormat_7.dat
2024-12-26 07:48:38,376 - INFO - H:\UGS_Flux\Data_Downloads\Desert_View_Myton\e20240326\21311_Flux_AmeriFluxFormat_8.dat
2024-12-26 07:48:38,389 - INFO - H:\UGS_Flux\Data_Downloads\Desert_View_Myton\e20240326\21311_Flux_AmeriFluxFormat_9.dat
2024-12-26 07:48:38,416 - INFO - H:\UGS_Flux\Data_Downloads\Desert_View_Myton\e20240905\21311_Flux_AmeriFluxFormat_15.dat
2024-12-26 07:48:38,446 - INFO - H:\UGS_Flux\Data_Downloads\Desert_View_Myton\e20240905\21311_Flux_AmeriFluxFormat_16.dat
2024-12-26 07:48:38,465 - INFO - H:\UGS_Flux\Data_Downloads\Desert_View_Myton\e20240801\21311_Flux_AmeriFluxFormat_10.dat
2024-12-26 07:48:38,487 - INFO - H:\UGS_Flux\Data_Downloads\Desert_View_Myton\e20240801\21311_Flux_AmeriFluxFormat_11.dat
2024-12-26 07:48:38,513 - INFO - H:\UGS_Flux\Data_Downloads\Desert_View_Myton\e20240801\21311_Flux_AmeriFluxFormat_12.dat
2024-12-26 07:48:38,541 - INFO - H:\UGS_Flux\Data_Downloads\Desert_View_Myton\e20240801\21311_Flux_AmeriFluxFormat_13.dat
2024-12-26 07:48:38,570 - INFO - H:\UGS_Flux\Data_Downloads\Desert_View_Myton\e20240801\21311_Flux_AmeriFluxFormat_14.dat
2024-12-26 07:48:38,596 - INFO - H:\UGS_Flux\Data_Downloads\Desert_View_Myton\e20240801\21311_Flux_AmeriFluxFormat_15.dat
2024-12-26 07:48:38,608 - INFO - H:\UGS_Flux\Data_Downloads\Desert_View_Myton\e20241104\21311_Flux_AmeriFluxFormat_16.dat
2024-12-26 07:48:38,635 - INFO - H:\UGS_Flux\Data_Downloads\Desert_View_Myton\e20241104\21311_Flux_AmeriFluxFormat_17.dat
2024-12-26 07:48:38,663 - INFO - H:\UGS_Flux\Data_Downloads\Desert_View_Myton\e20241104\21311_Flux_AmeriFluxFormat_18.dat
2024-12-26 07:48:38,683 - INFO - H:\UGS_Flux\Data_Downloads\Desert_View_Myton\e20241211\21311_Flux_AmeriFluxFormat_19.dat
2024-12-26 07:48:38,707 - INFO - H:\UGS_Flux\Data_Downloads\Desert_View_Myton\e20241211\21311_Flux_AmeriFluxFormat_20.dat
2024-12-26 07:48:38,731 - INFO - H:\UGS_Flux\Data_Downloads\Desert_View_Myton\e20241211\21311_Flux_AmeriFluxFormat_21.dat
2024-12-26 07:48:38,778 - INFO - Starting Processing
2024-12-26 07:48:38,779 - INFO - Reading first line of file: ..\data\extreme_values.csv
2024-12-26 07:48:39,988 - INFO - SSITC Values: [2 0 1]
2024-12-26 07:48:40,036 - INFO - Null Value Count in ET: 2862
2024-12-26 07:48:40,036 - INFO - Length of ET: 21164
2024-12-26 07:48:40,873 - INFO - H:\UGS_Flux\Data_Downloads\Juab
2024-12-26 07:48:40,874 - INFO - H:\UGS_Flux\Data_Downloads\Juab\Nephi_Flux_AmeriFluxFormat.dat
2024-12-26 07:48:40,962 - INFO - H:\UGS_Flux\Data_Downloads\Juab\20180822a_farm\Eddy 1_Flux_AmeriFluxFormat.dat
2024-12-26 07:48:40,974 - INFO - H:\UGS_Flux\Data_Downloads\Juab\20181025_farm\8441_Flux_AmeriFluxFormat_0.dat
2024-12-26 07:48:40,987 - INFO - H:\UGS_Flux\Data_Downloads\Juab\20181218_farm\8441_Flux_AmeriFluxFormat_1.dat
2024-12-26 07:48:41,005 - INFO - H:\UGS_Flux\Data_Downloads\Juab\20210622_farm\8441_Flux_AmeriFluxFormat_10.dat
2024-12-26 07:48:41,026 - INFO - H:\UGS_Flux\Data_Downloads\Juab\20210622_farm\8441_Flux_AmeriFluxFormat_11.dat
2024-12-26 07:48:41,049 - INFO - H:\UGS_Flux\Data_Downloads\Juab\20210622_farm\8441_Flux_AmeriFluxFormat_4.dat
2024-12-26 07:48:41,063 - INFO - H:\UGS_Flux\Data_Downloads\Juab\20210622_farm\8441_Flux_AmeriFluxFormat_5.dat
2024-12-26 07:48:41,088 - INFO - H:\UGS_Flux\Data_Downloads\Juab\20210622_farm\8441_Flux_AmeriFluxFormat_6.dat
2024-12-26 07:48:41,112 - INFO - H:\UGS_Flux\Data_Downloads\Juab\20210622_farm\8441_Flux_AmeriFluxFormat_7.dat
2024-12-26 07:48:41,135 - INFO - H:\UGS_Flux\Data_Downloads\Juab\20210622_farm\8441_Flux_AmeriFluxFormat_8.dat
2024-12-26 07:48:41,157 - INFO - H:\UGS_Flux\Data_Downloads\Juab\20210622_farm\8441_Flux_AmeriFluxFormat_9.dat
2024-12-26 07:48:41,181 - INFO - H:\UGS_Flux\Data_Downloads\Juab\20230508\45027_Flux_AmeriFluxFormat_1.dat
2024-12-26 07:48:41,196 - INFO - H:\UGS_Flux\Data_Downloads\Juab\20230508\45027_Flux_AmeriFluxFormat_2.dat
2024-12-26 07:48:41,211 - INFO - H:\UGS_Flux\Data_Downloads\Juab\20230508\45027_Flux_AmeriFluxFormat_3.dat
2024-12-26 07:48:41,225 - INFO - H:\UGS_Flux\Data_Downloads\Juab\20230508\45027_Flux_AmeriFluxFormat_4.dat
2024-12-26 07:48:41,246 - INFO - H:\UGS_Flux\Data_Downloads\Juab\20230508\45027_Flux_AmeriFluxFormat_5.dat
2024-12-26 07:48:41,271 - INFO - H:\UGS_Flux\Data_Downloads\Juab\20230508\45027_Flux_AmeriFluxFormat_6.dat
2024-12-26 07:48:41,282 - INFO - H:\UGS_Flux\Data_Downloads\Juab\combined_farm\8441_Flux_AmeriFluxFormat_0.dat
2024-12-26 07:48:41,295 - INFO - H:\UGS_Flux\Data_Downloads\Juab\combined_farm\8441_Flux_AmeriFluxFormat_1.dat
2024-12-26 07:48:41,313 - INFO - H:\UGS_Flux\Data_Downloads\Juab\combined_farm\8441_Flux_AmeriFluxFormat_10.dat
2024-12-26 07:48:41,335 - INFO - H:\UGS_Flux\Data_Downloads\Juab\combined_farm\8441_Flux_AmeriFluxFormat_11.dat
2024-12-26 07:48:41,358 - INFO - H:\UGS_Flux\Data_Downloads\Juab\combined_farm\8441_Flux_AmeriFluxFormat_4.dat
2024-12-26 07:48:41,373 - INFO - H:\UGS_Flux\Data_Downloads\Juab\combined_farm\8441_Flux_AmeriFluxFormat_5.dat
2024-12-26 07:48:41,397 - INFO - H:\UGS_Flux\Data_Downloads\Juab\combined_farm\8441_Flux_AmeriFluxFormat_6.dat
2024-12-26 07:48:41,423 - INFO - H:\UGS_Flux\Data_Downloads\Juab\combined_farm\8441_Flux_AmeriFluxFormat_7.dat
2024-12-26 07:48:41,445 - INFO - H:\UGS_Flux\Data_Downloads\Juab\combined_farm\8441_Flux_AmeriFluxFormat_8.dat
2024-12-26 07:48:41,468 - INFO - H:\UGS_Flux\Data_Downloads\Juab\combined_farm\8441_Flux_AmeriFluxFormat_9.dat
2024-12-26 07:48:41,494 - INFO - H:\UGS_Flux\Data_Downloads\Juab\20210826_farmNephi\20210826\8441_Flux_AmeriFluxFormat_11.dat
2024-12-26 07:48:41,505 - INFO - H:\UGS_Flux\Data_Downloads\Juab\20210826_farmNephi\20210826\8441_Flux_AmeriFluxFormat_12.dat
2024-12-26 07:48:41,527 - INFO - H:\UGS_Flux\Data_Downloads\Juab\20210826_farmNephi\20210826\8441_Flux_AmeriFluxFormat_13.dat
2024-12-26 07:48:41,565 - INFO - H:\UGS_Flux\Data_Downloads\Juab\20210826_farmNephi\20210826\8441_Flux_AmeriFluxFormat_14.dat
2024-12-26 07:48:41,588 - INFO - H:\UGS_Flux\Data_Downloads\Juab\20210826_farmNephi\20210826\8441_Flux_AmeriFluxFormat_15.dat
2024-12-26 07:48:41,599 - INFO - H:\UGS_Flux\Data_Downloads\Juab\20210826_farmNephi\20210826\d20210601\23861_Flux_AmeriFluxFormat_6.dat
2024-12-26 07:48:41,626 - INFO - H:\UGS_Flux\Data_Downloads\Juab\20210826_farmNephi\20210826\d20210601\23861_Flux_AmeriFluxFormat_7.dat
2024-12-26 07:48:41,650 - INFO - H:\UGS_Flux\Data_Downloads\Juab\20210826_farmNephi\20210826\d20210601\23861_Flux_AmeriFluxFormat_8.dat
2024-12-26 07:48:41,737 - INFO - Starting Processing
2024-12-26 07:48:41,737 - INFO - Reading first line of file: ..\data\extreme_values.csv
2024-12-26 07:48:49,009 - INFO - SSITC Values: [2 1 0]
2024-12-26 07:48:49,157 - INFO - Null Value Count in ET: 93533
2024-12-26 07:48:49,157 - INFO - Length of ET: 100178
